2021-07-30 19:20:11.361298 - debug - 0x00005508 - HRL-Plugin.cpp:19 - AlgorithmDemo
2021-07-30 19:20:15.791850 - debug - 0x00005508 - VoxelGridFilter.hpp:44 - voxel grid filter with leaf size 5 elapsed 17ms
2021-07-30 19:20:15.791850 - info - 0x00005508 - AlgorithmDemo.cpp:30 - xxxx 18 ms
2021-07-30 19:20:15.792849 - debug - 0x00005508 - HYPluginFactoryImp.cpp:130 - plugin removed, type 4, id AlgorithmDemo
2021-07-30 19:20:15.799849 - debug - 0x00005508 - HYPluginFactoryImp.cpp:130 - plugin removed, type 4, id HYRecognition
2021-07-30 19:22:03.535133 - debug - 0x00005cc8 - HRL-Plugin.cpp:19 - AlgorithmDemo
2021-07-30 19:22:05.845642 - debug - 0x00005cc8 - VoxelGridFilter.hpp:44 - voxel grid filter with leaf size 5 elapsed 15ms
2021-07-30 19:22:05.846642 - info - 0x00005cc8 - AlgorithmDemo.cpp:30 - xxxx 16 ms
2021-07-30 19:22:05.846642 - debug - 0x00005cc8 - HYPluginFactoryImp.cpp:130 - plugin removed, type 4, id AlgorithmDemo
2021-07-30 19:22:05.852642 - debug - 0x00005cc8 - HYPluginFactoryImp.cpp:130 - plugin removed, type 4, id HYRecognition
2021-07-30 19:24:22.835326 - debug - 0x00002be8 - HRL-Plugin.cpp:20 - AlgorithmDemo
2021-07-30 19:24:24.825899 - debug - 0x00002be8 - VoxelGridFilter.hpp:44 - voxel grid filter with leaf size 5 elapsed 14ms
2021-07-30 19:24:24.825899 - info - 0x00002be8 - AlgorithmDemo.cpp:30 - xxxx 15 ms
2021-07-30 19:24:24.826897 - debug - 0x00002be8 - HYPluginFactoryImp.cpp:130 - plugin removed, type 4, id AlgorithmDemo
2021-07-30 19:24:24.833897 - debug - 0x00002be8 - HYPluginFactoryImp.cpp:130 - plugin removed, type 4, id HYRecognition
2021-07-30 20:03:02.615572 - debug - 0x00000de8 - HRL-Plugin.cpp:29 - AlgorithmDemo
2021-07-30 20:03:02.657494 - debug - 0x00000de8 - VoxelGridFilter.hpp:44 - voxel grid filter with leaf size 5 elapsed 15ms
2021-07-30 20:03:02.658494 - info - 0x00000de8 - AlgorithmDemo.cpp:30 - xxxx 16 ms
2021-07-30 20:03:02.658494 - debug - 0x00000de8 - HYPluginFactoryImp.cpp:130 - plugin removed, type 4, id AlgorithmDemo
2021-07-30 20:03:02.662523 - debug - 0x00000de8 - HYPluginFactoryImp.cpp:130 - plugin removed, type 4, id HYRecognition
